2021-12-23 13:30:02,930 [Worker-5: Loading available Gradle versions] INFO  o.e.b.c.i.u.g.PublishedGradleVersions - Gradle version information cache is up-to-date. Trying to read.
2021-12-23 14:21:22,619 [Worker-6: Loading available Gradle versions] INFO  o.e.b.c.i.u.g.PublishedGradleVersions - Gradle version information cache is up-to-date. Trying to read.
2021-12-23 14:25:10,083 [Worker-5: Loading available Gradle versions] INFO  o.e.b.c.i.u.g.PublishedGradleVersions - Gradle version information cache is up-to-date. Trying to read.
2021-12-23 14:27:15,229 [sentry-pool-1-thread-1] WARN  i.s.c.AbstractConnection.lockdown - Initiated a temporary lockdown because of exception: Too many requests to Sentry: https://docs.sentry.io/learn/quotas/
2021-12-23 14:28:32,919 [sentry-pool-1-thread-4] WARN  i.s.c.AbstractConnection.lockdown - Initiated a temporary lockdown because of exception: Too many requests to Sentry: https://docs.sentry.io/learn/quotas/
2021-12-23 14:29:50,892 [sentry-pool-1-thread-7] WARN  i.s.c.AbstractConnection.lockdown - Initiated a temporary lockdown because of exception: Too many requests to Sentry: https://docs.sentry.io/learn/quotas/
2021-12-23 14:31:08,818 [sentry-pool-1-thread-10] WARN  i.s.c.AbstractConnection.lockdown - Initiated a temporary lockdown because of exception: Too many requests to Sentry: https://docs.sentry.io/learn/quotas/
2021-12-23 14:32:26,825 [sentry-pool-1-thread-13] WARN  i.s.c.AbstractConnection.lockdown - Initiated a temporary lockdown because of exception: Too many requests to Sentry: https://docs.sentry.io/learn/quotas/
2021-12-23 14:33:45,836 [sentry-pool-1-thread-16] WARN  i.s.c.AbstractConnection.lockdown - Initiated a temporary lockdown because of exception: Too many requests to Sentry: https://docs.sentry.io/learn/quotas/
2021-12-23 14:34:09,600 [Worker-5: Loading available Gradle versions] INFO  o.e.b.c.i.u.g.PublishedGradleVersions - Gradle version information cache is up-to-date. Trying to read.
2021-12-23 14:40:51,427 [Worker-6: Loading available Gradle versions] INFO  o.e.b.c.i.u.g.PublishedGradleVersions - Gradle version information cache is up-to-date. Trying to read.
2021-12-23 14:56:29,773 [sentry-pool-1-thread-1] WARN  i.s.c.AbstractConnection.lockdown - Initiated a temporary lockdown because of exception: Too many requests to Sentry: https://docs.sentry.io/learn/quotas/
2021-12-23 15:03:08,946 [sentry-pool-1-thread-2] WARN  i.s.c.AbstractConnection.lockdown - Initiated a temporary lockdown because of exception: Too many requests to Sentry: https://docs.sentry.io/learn/quotas/
2021-12-23 15:03:37,575 [Worker-6: Loading available Gradle versions] INFO  o.e.b.c.i.u.g.PublishedGradleVersions - Gradle version information cache is up-to-date. Trying to read.
2021-12-23 15:15:11,905 [Worker-7: Loading available Gradle versions] INFO  o.e.b.c.i.u.g.PublishedGradleVersions - Gradle version information cache is up-to-date. Trying to read.
<<<<<<< HEAD
2021-12-24 08:41:23,062 [Worker-0: Loading available Gradle versions] INFO  o.e.b.c.i.u.g.PublishedGradleVersions - Gradle version information cache is out-of-date. Trying to update.
=======
2021-12-23 18:42:48,626 [Worker-3: Loading available Gradle versions] INFO  o.e.b.c.i.u.g.PublishedGradleVersions - Gradle version information cache is up-to-date. Trying to read.
2021-12-23 18:49:51,870 [Worker-0: Loading available Gradle versions] INFO  o.e.b.c.i.u.g.PublishedGradleVersions - Gradle version information cache is up-to-date. Trying to read.
>>>>>>> 68eedcbd5ea23e16abf643dd279e177e4e7d614d
2021-12-24 13:07:57,351 [Worker-2: Loading available Gradle versions] INFO  o.e.b.c.i.u.g.PublishedGradleVersions - Gradle version information cache is up-to-date. Trying to read.
